<?xml version="1.0" encoding="UTF-8"?>
<robot generator="Robot 5.0.1 (Python 3.7.7 on win32)" generated="20221129 17:19:55.056" rpa="false" schemaversion="3">
<suite id="s1" name="Test" source="C:\beda_ENV\tests\test.robot">
<test id="s1-t1" name="Demo" line="15">
<kw name="Log" library="BuiltIn">
<arg>${${ENV}_URL}</arg>
<doc>Logs the given message with the given level.</doc>
<msg timestamp="20221129 17:19:55.904" level="INFO">https://prod.example.com/</msg>
<status status="PASS" starttime="20221129 17:19:55.903" endtime="20221129 17:19:55.904"/>
</kw>
<if>
<branch type="IF" condition="'${ENV}' == 'DEV'">
<kw name="fitur A pada DEV">
<status status="NOT RUN" starttime="20221129 17:19:55.906" endtime="20221129 17:19:55.906"/>
</kw>
<status status="NOT RUN" starttime="20221129 17:19:55.905" endtime="20221129 17:19:55.906"/>
</branch>
<branch type="ELSE IF" condition="'${ENV}' == 'SB'">
<kw name="fitur A pada Sandbox">
<status status="NOT RUN" starttime="20221129 17:19:55.907" endtime="20221129 17:19:55.907"/>
</kw>
<status status="NOT RUN" starttime="20221129 17:19:55.906" endtime="20221129 17:19:55.908"/>
</branch>
<branch type="ELSE IF" condition="'${ENV}' == 'PROD'">
<kw name="fitur A pada prod">
<kw name="Log To Console" library="BuiltIn">
<arg>lakukan PROD</arg>
<doc>Logs the given message to the console.</doc>
<status status="PASS" starttime="20221129 17:19:55.910" endtime="20221129 17:19:55.911"/>
</kw>
<kw name="click login">
<kw name="Log To Console" library="BuiltIn">
<arg>user melakukan klik ${${ENV}_login_element}</arg>
<doc>Logs the given message to the console.</doc>
<status status="PASS" starttime="20221129 17:19:55.913" endtime="20221129 17:19:55.914"/>
</kw>
<kw name="Log To Console" library="BuiltIn">
<arg>user input ID ${${ENV}_username}</arg>
<doc>Logs the given message to the console.</doc>
<status status="PASS" starttime="20221129 17:19:55.915" endtime="20221129 17:19:55.916"/>
</kw>
<kw name="Log To Console" library="BuiltIn">
<arg>user password ${${ENV}_password}</arg>
<doc>Logs the given message to the console.</doc>
<status status="PASS" starttime="20221129 17:19:55.917" endtime="20221129 17:19:55.918"/>
</kw>
<status status="PASS" starttime="20221129 17:19:55.911" endtime="20221129 17:19:55.919"/>
</kw>
<status status="PASS" starttime="20221129 17:19:55.909" endtime="20221129 17:19:55.919"/>
</kw>
<status status="PASS" starttime="20221129 17:19:55.908" endtime="20221129 17:19:55.919"/>
</branch>
<status status="PASS" starttime="20221129 17:19:55.905" endtime="20221129 17:19:55.919"/>
</if>
<status status="PASS" starttime="20221129 17:19:55.900" endtime="20221129 17:19:55.920"/>
</test>
<test id="s1-t2" name="coba run argument" line="25">
<kw name="click login argument" library="logic">
<arg>${${ENV}_username}</arg>
<arg>${${ENV}_password}</arg>
<kw name="Log To Console" library="BuiltIn">
<arg>user melakukan klik ${${ENV}_login_element}</arg>
<doc>Logs the given message to the console.</doc>
<status status="PASS" starttime="20221129 17:19:55.930" endtime="20221129 17:19:55.932"/>
</kw>
<kw name="Log To Console" library="BuiltIn">
<arg>user input ID ${username}</arg>
<doc>Logs the given message to the console.</doc>
<status status="PASS" starttime="20221129 17:19:55.933" endtime="20221129 17:19:55.934"/>
</kw>
<kw name="Log To Console" library="BuiltIn">
<arg>user password ${password}</arg>
<doc>Logs the given message to the console.</doc>
<status status="PASS" starttime="20221129 17:19:55.935" endtime="20221129 17:19:55.936"/>
</kw>
<status status="PASS" starttime="20221129 17:19:55.928" endtime="20221129 17:19:55.937"/>
</kw>
<status status="PASS" starttime="20221129 17:19:55.924" endtime="20221129 17:19:55.938"/>
</test>
<status status="PASS" starttime="20221129 17:19:55.061" endtime="20221129 17:19:55.943"/>
</suite>
<statistics>
<total>
<stat pass="2" fail="0" skip="0">All Tests</stat>
</total>
<tag>
</tag>
<suite>
<stat pass="2" fail="0" skip="0" id="s1" name="Test">Test</stat>
</suite>
</statistics>
<errors>
</errors>
</robot>
